<?xml version="1.0" encoding="UTF-8"?>
<testsuites>
  <testsuite name="fastlane.lanes">
    
    
    
      
      <testcase classname="fastlane.lanes" name="0: default_platform" time="0.001802">
        
      </testcase>
    
      
      <testcase classname="fastlane.lanes" name="1: automated_test_emulator_run" time="336.614702">
        
          <failure message="/Users/Harry/.rbenv/versions/3.0.1/lib/ruby/gems/3.0.0/gems/fastlane-2.184.1/fastlane/lib/fastlane/actions/actions_helper.rb:67:in `execute_action&apos;&#10;/Users/Harry/.rbenv/versions/3.0.1/lib/ruby/gems/3.0.0/gems/fastlane-2.184.1/fastlane/lib/fastlane/runner.rb:255:in `block in execute_action&apos;&#10;/Users/Harry/.rbenv/versions/3.0.1/lib/ruby/gems/3.0.0/gems/fastlane-2.184.1/fastlane/lib/fastlane/runner.rb:229:in `chdir&apos;&#10;/Users/Harry/.rbenv/versions/3.0.1/lib/ruby/gems/3.0.0/gems/fastlane-2.184.1/fastlane/lib/fastlane/runner.rb:229:in `execute_action&apos;&#10;/Users/Harry/.rbenv/versions/3.0.1/lib/ruby/gems/3.0.0/gems/fastlane-2.184.1/fastlane/lib/fastlane/runner.rb:157:in `trigger_action_by_name&apos;&#10;/Users/Harry/.rbenv/versions/3.0.1/lib/ruby/gems/3.0.0/gems/fastlane-2.184.1/fastlane/lib/fastlane/fast_file.rb:159:in `method_missing&apos;&#10;Fastfile:26:in `block (2 levels) in parsing_binding&apos;&#10;/Users/Harry/.rbenv/versions/3.0.1/lib/ruby/gems/3.0.0/gems/fastlane-2.184.1/fastlane/lib/fastlane/lane.rb:33:in `call&apos;&#10;/Users/Harry/.rbenv/versions/3.0.1/lib/ruby/gems/3.0.0/gems/fastlane-2.184.1/fastlane/lib/fastlane/runner.rb:49:in `block in execute&apos;&#10;/Users/Harry/.rbenv/versions/3.0.1/lib/ruby/gems/3.0.0/gems/fastlane-2.184.1/fastlane/lib/fastlane/runner.rb:45:in `chdir&apos;&#10;/Users/Harry/.rbenv/versions/3.0.1/lib/ruby/gems/3.0.0/gems/fastlane-2.184.1/fastlane/lib/fastlane/runner.rb:45:in `execute&apos;&#10;/Users/Harry/.rbenv/versions/3.0.1/lib/ruby/gems/3.0.0/gems/fastlane-2.184.1/fastlane/lib/fastlane/lane_manager.rb:47:in `cruise_lane&apos;&#10;/Users/Harry/.rbenv/versions/3.0.1/lib/ruby/gems/3.0.0/gems/fastlane-2.184.1/fastlane/lib/fastlane/command_line_handler.rb:36:in `handle&apos;&#10;/Users/Harry/.rbenv/versions/3.0.1/lib/ruby/gems/3.0.0/gems/fastlane-2.184.1/fastlane/lib/fastlane/commands_generator.rb:109:in `block (2 levels) in run&apos;&#10;/Users/Harry/.rbenv/versions/3.0.1/lib/ruby/gems/3.0.0/gems/commander-4.6.0/lib/commander/command.rb:187:in `call&apos;&#10;/Users/Harry/.rbenv/versions/3.0.1/lib/ruby/gems/3.0.0/gems/commander-4.6.0/lib/commander/command.rb:157:in `run&apos;&#10;/Users/Harry/.rbenv/versions/3.0.1/lib/ruby/gems/3.0.0/gems/commander-4.6.0/lib/commander/runner.rb:444:in `run_active_command&apos;&#10;/Users/Harry/.rbenv/versions/3.0.1/lib/ruby/gems/3.0.0/gems/fastlane-2.184.1/fastlane_core/lib/fastlane_core/ui/fastlane_runner.rb:76:in `run!&apos;&#10;/Users/Harry/.rbenv/versions/3.0.1/lib/ruby/gems/3.0.0/gems/commander-4.6.0/lib/commander/delegates.rb:18:in `run!&apos;&#10;/Users/Harry/.rbenv/versions/3.0.1/lib/ruby/gems/3.0.0/gems/fastlane-2.184.1/fastlane/lib/fastlane/commands_generator.rb:353:in `run&apos;&#10;/Users/Harry/.rbenv/versions/3.0.1/lib/ruby/gems/3.0.0/gems/fastlane-2.184.1/fastlane/lib/fastlane/commands_generator.rb:42:in `start&apos;&#10;/Users/Harry/.rbenv/versions/3.0.1/lib/ruby/gems/3.0.0/gems/fastlane-2.184.1/fastlane/lib/fastlane/cli_tools_distributor.rb:122:in `take_off&apos;&#10;/Users/Harry/.rbenv/versions/3.0.1/lib/ruby/gems/3.0.0/gems/fastlane-2.184.1/bin/fastlane:23:in `&lt;top (required)&gt;&apos;&#10;/Users/Harry/.rbenv/versions/3.0.1/bin/fastlane:23:in `load&apos;&#10;/Users/Harry/.rbenv/versions/3.0.1/bin/fastlane:23:in `&lt;top (required)&gt;&apos;&#10;/Users/Harry/.rbenv/versions/3.0.1/lib/ruby/gems/3.0.0/gems/bundler-2.2.18/lib/bundler/cli/exec.rb:63:in `load&apos;&#10;/Users/Harry/.rbenv/versions/3.0.1/lib/ruby/gems/3.0.0/gems/bundler-2.2.18/lib/bundler/cli/exec.rb:63:in `kernel_load&apos;&#10;/Users/Harry/.rbenv/versions/3.0.1/lib/ruby/gems/3.0.0/gems/bundler-2.2.18/lib/bundler/cli/exec.rb:28:in `run&apos;&#10;/Users/Harry/.rbenv/versions/3.0.1/lib/ruby/gems/3.0.0/gems/bundler-2.2.18/lib/bundler/cli.rb:474:in `exec&apos;&#10;/Users/Harry/.rbenv/versions/3.0.1/lib/ruby/gems/3.0.0/gems/bundler-2.2.18/lib/bundler/vendor/thor/lib/thor/command.rb:27:in `run&apos;&#10;/Users/Harry/.rbenv/versions/3.0.1/lib/ruby/gems/3.0.0/gems/bundler-2.2.18/lib/bundler/vendor/thor/lib/thor/invocation.rb:127:in `invoke_command&apos;&#10;/Users/Harry/.rbenv/versions/3.0.1/lib/ruby/gems/3.0.0/gems/bundler-2.2.18/lib/bundler/vendor/thor/lib/thor.rb:392:in `dispatch&apos;&#10;/Users/Harry/.rbenv/versions/3.0.1/lib/ruby/gems/3.0.0/gems/bundler-2.2.18/lib/bundler/cli.rb:30:in `dispatch&apos;&#10;/Users/Harry/.rbenv/versions/3.0.1/lib/ruby/gems/3.0.0/gems/bundler-2.2.18/lib/bundler/vendor/thor/lib/thor/base.rb:485:in `start&apos;&#10;/Users/Harry/.rbenv/versions/3.0.1/lib/ruby/gems/3.0.0/gems/bundler-2.2.18/lib/bundler/cli.rb:24:in `start&apos;&#10;/Users/Harry/.rbenv/versions/3.0.1/lib/ruby/gems/3.0.0/gems/bundler-2.2.18/exe/bundle:49:in `block in &lt;top (required)&gt;&apos;&#10;/Users/Harry/.rbenv/versions/3.0.1/lib/ruby/gems/3.0.0/gems/bundler-2.2.18/lib/bundler/friendly_errors.rb:130:in `with_friendly_errors&apos;&#10;/Users/Harry/.rbenv/versions/3.0.1/lib/ruby/gems/3.0.0/gems/bundler-2.2.18/exe/bundle:37:in `&lt;top (required)&gt;&apos;&#10;/Users/Harry/.rbenv/versions/3.0.1/bin/bundle:23:in `load&apos;&#10;/Users/Harry/.rbenv/versions/3.0.1/bin/bundle:23:in `&lt;main&gt;&apos;&#10;&#10;Exit status of command &apos;&#10;            bash fastlane/adb-all shell &quot;settings put global animator_duration_scale 0.0 &amp;&amp;&#10;            settings put global window_animation_scale 0.0 &amp;&amp;&#10;            settings put global transition_animation_scale 0.0&quot; &amp;&amp;&#10;            ./gradlew app:connectedAndroidTest&#10;            &apos; was 1 instead of 0.&#10;adb -s emulator-5556 shell settings put global animator_duration_scale 0.0 &amp;&amp; settings put global window_animation_scale 0.0 &amp;&amp; settings put global transition_animation_scale 0.0 &amp;&#10;adb -s emulator-5558 shell settings put global animator_duration_scale 0.0 &amp;&amp; settings put global window_animation_scale 0.0 &amp;&amp; settings put global transition_animation_scale 0.0 &amp;&#10;adb -s emulator-5560 shell settings put global animator_duration_scale 0.0 &amp;&amp; settings put global window_animation_scale 0.0 &amp;&amp; settings put global transition_animation_scale 0.0 &amp;&#10;WARNING:: Please remove usages of `jcenter()` Maven repository from your build scripts and migrate your build to other Maven repositories.&#10;This repository is deprecated and it will be shut down in the future.&#10;See http://developer.android.com/r/tools/jcenter-end-of-service for more information.&#10;Currently detected usages in: Gradle Settings&#10;Warning: Mapping new ns http://schemas.android.com/repository/android/common/02 to old ns http://schemas.android.com/repository/android/common/01&#10;Warning: Mapping new ns http://schemas.android.com/repository/android/generic/02 to old ns http://schemas.android.com/repository/android/generic/01&#10;Warning: Mapping new ns http://schemas.android.com/sdk/android/repo/addon2/02 to old ns http://schemas.android.com/sdk/android/repo/addon2/01&#10;Warning: Mapping new ns http://schemas.android.com/sdk/android/repo/repository2/02 to old ns http://schemas.android.com/sdk/android/repo/repository2/01&#10;Warning: Mapping new ns http://schemas.android.com/sdk/android/repo/sys-img2/02 to old ns http://schemas.android.com/sdk/android/repo/sys-img2/01&#10;Warning: Mapping new ns http://schemas.android.com/repository/android/common/02 to old ns http://schemas.android.com/repository/android/common/01&#10;Warning: Mapping new ns http://schemas.android.com/repository/android/generic/02 to old ns http://schemas.android.com/repository/android/generic/01&#10;Warning: Mapping new ns http://schemas.android.com/sdk/android/repo/addon2/02 to old ns http://schemas.android.com/sdk/android/repo/addon2/01&#10;Warning: Mapping new ns http://schemas.android.com/sdk/android/repo/repository2/02 to old ns http://schemas.android.com/sdk/android/repo/repository2/01&#10;Warning: Mapping new ns http://schemas.android.com/sdk/android/repo/sys-img2/02 to old ns http://schemas.android.com/sdk/android/repo/sys-img2/01&#10;&gt; Task :app:preBuild UP-TO-DATE&#10;&gt; Task :app:preDebugBuild UP-TO-DATE&#10;&gt; Task :app:compileDebugAidl NO-SOURCE&#10;&gt; Task :app:compileDebugRenderscript NO-SOURCE&#10;&gt; Task :app:generateDebugBuildConfig&#10;&gt; Task :app:generateDebugResValues&#10;&gt; Task :app:generateDebugResources&#10;&gt; Task :app:checkDebugAarMetadata&#10;&gt; Task :app:createDebugCompatibleScreenManifests&#10;&gt; Task :app:extractDeepLinksDebug&#10;&gt; Task :app:mergeDebugResources&#10;&gt; Task :app:processDebugMainManifest&#10;&gt; Task :app:processDebugManifest&#10;&gt; Task :app:javaPreCompileDebug&#10;&gt; Task :app:mergeDebugShaders&#10;&gt; Task :app:compileDebugShaders NO-SOURCE&#10;&gt; Task :app:generateDebugAssets UP-TO-DATE&#10;&gt; Task :app:mergeDebugAssets&#10;&gt; Task :app:compressDebugAssets&#10;&gt; Task :app:processDebugJavaRes NO-SOURCE&#10;&gt; Task :app:desugarDebugFileDependencies&#10;&gt; Task :app:mergeDebugJniLibFolders&#10;&gt; Task :app:checkDebugDuplicateClasses&#10;&gt; Task :app:mergeDebugNativeLibs&#10;&gt; Task :app:processDebugManifestForPackage&#10;&gt; Task :app:mergeExtDexDebug&#10;&gt; Task :app:stripDebugDebugSymbols NO-SOURCE&#10;&gt; Task :app:mergeLibDexDebug&#10;&gt; Task :app:validateSigningDebug&#10;&gt; Task :app:writeDebugAppMetadata&#10;&gt; Task :app:writeDebugSigningConfigVersions&#10;&gt; Task :app:preDebugAndroidTestBuild SKIPPED&#10;&gt; Task :app:compileDebugAndroidTestAidl NO-SOURCE&#10;&gt; Task :app:processDebugAndroidTestManifest&#10;&gt; Task :app:compileDebugAndroidTestRenderscript NO-SOURCE&#10;&gt; Task :app:generateDebugAndroidTestBuildConfig&#10;&gt; Task :app:checkDebugAndroidTestAarMetadata&#10;&gt; Task :app:generateDebugAndroidTestResValues&#10;&gt; Task :app:generateDebugAndroidTestResources&#10;&gt; Task :app:javaPreCompileDebugAndroidTest&#10;&gt; Task :app:mergeDebugAndroidTestShaders&#10;&gt; Task :app:compileDebugAndroidTestShaders NO-SOURCE&#10;&gt; Task :app:generateDebugAndroidTestAssets UP-TO-DATE&#10;&gt; Task :app:mergeDebugAndroidTestAssets&#10;&gt; Task :app:mergeDebugAndroidTestResources&#10;&gt; Task :app:compressDebugAndroidTestAssets&#10;&gt; Task :app:processDebugAndroidTestJavaRes NO-SOURCE&#10;&gt; Task :app:mergeDebugAndroidTestJniLibFolders&#10;&gt; Task :app:processDebugAndroidTestResources&#10;&gt; Task :app:processDebugResources&#10;&gt; Task :app:mergeDebugAndroidTestNativeLibs&#10;&gt; Task :app:compileDebugKotlin&#10;&gt; Task :app:compileDebugKotlin FAILED&#10;&#10;FAILURE: Build failed with an exception.&#10;&#10;* What went wrong:&#10;Execution failed for task &apos;:app:compileDebugKotlin&apos;.&#10;&gt; Kotlin could not find the required JDK tools in the Java installation &apos;/Library/Internet Plug-Ins/JavaAppletPlugin.plugin/Contents/Home&apos; used by Gradle. Make sure Gradle is running on a JDK, not JRE.&#10;&#10;* Try:&#10;Run with --stacktrace option to get the stack trace. Run with --info or --debug option to get more log output. Run with --scan to get full insights.&#10;&#10;* Get more help at https://help.gradle.org&#10;&#10;Deprecated Gradle features were used in this build, making it incompatible with Gradle 8.0.&#10;Use &apos;--warning-mode all&apos; to show the individual deprecation warnings.&#10;See https://docs.gradle.org/7.0/userguide/command_line_interface.html#sec:command_line_warnings&#10;&#10;BUILD FAILED in 3m 59s&#10;36 actionable tasks: 36 executed&#10;" />
        
      </testcase>
    
  </testsuite>
</testsuites>
